   FAIL : MERGE_SORT_Demo2.1.out -- /home/cs301/RELEASE-cs301-repo/book-solution/sols-repo/cs301py/chap02-Intro/E-2.0.1-MERGE_SORT_Demo2/MERGE_SORT_Demo2.1.out 
diff stdout(up to 10000 lines):                                           ......
==============================
        1  13  15   0   6  14  15   8
    -   *   1  13  15   6   8  14  15    k=0 L+R
    -   0                                A
    - 
    -   -   *  13  15   6   8  14  15    k=1 L+R
    -   0   1                            A
    ? ----                               ^
    
    +   1  13                            L+R
    ?    ++++                            ^^^
    
    +           0  15                    L+R
    - 
    -   -   -  13  15   *   8  14  15    k=2 L+R
    -   0   1   6                        A
    - 
    -   -   -  13  15   -   *  14  15    k=3 L+R
    -   0   1   6   8                    A
    ?          ^^  ^^                    ^
    
    +   0   1  13  15                    L+R
    ?          ^^  ^^                    ^^^
    
    +                   6  14            L+R
    +                           8  15    L+R
    +                   6   8  14  15    L+R
    - 
    -   -   -   *  15   -   -  14  15    k=4 L+R
    -   0   1   6   8  13                A
    - 
    -   -   -   -  15   -   -   *  15    k=5 L+R
    -   0   1   6   8  13  14            A
    - 
    -   -   -   -   *   -   -   -  15    k=6 L+R
    -   0   1   6   8  13  14  15        A
    - 
    -   -   -   -   -   -   -   -   *    k=7 L+R
    -   0   1   6   8  13  14  15  15    A
    ?                                    ^
    
    +   0   1   6   8  13  14  15  15    L+R
    ?                                    ^^^
    
    - 
        0   1   6   8  13  14  15  15
      
    -  Run stats      |   Count
    ?              ---
    
    +  Run stats   |   Count
    - ----------------+---------
    ? ---
    
    + -------------+---------
    -  8*log_2(8)     |      24
    ?              ---
    
    +  8*log_2(8)  |      24
    + 
    -  cmpcnt         |      24
    -  r_inf_move_cnt |       2

   FAIL : MERGE_SORT_Demo2.2.out -- /home/cs301/RELEASE-cs301-repo/book-solution/sols-repo/cs301py/chap02-Intro/E-2.0.1-MERGE_SORT_Demo2/MERGE_SORT_Demo2.2.out 
diff stdout(up to 10000 lines):                                           ......
==============================
       20   5   1  16  15  10   2   7  11   1  13
    -   *   5  15  16  20   1   2   7  10  11  13    k=0 L+R
    -   1                                            A
    - 
    -   -   5  15  16  20   *   2   7  10  11  13    k=1 L+R
    -   1   1                                        A
    ?   ^  ^^                                        ^
    
    +   5  20                                        L+R
    ?   ^  ^^                                        ^^^
    
    +              15  16                            L+R
    - 
    -   -   5  15  16  20   -   *   7  10  11  13    k=2 L+R
    -   1   1   2                                    A
    - 
    -   -   *  15  16  20   -   -   7  10  11  13    k=3 L+R
    -   1   1   2   5                                A
    - 
    -   -   -  15  16  20   -   -   *  10  11  13    k=4 L+R
    -   1   1   2   5   7                            A
    ?   ^      ^^^^^   ^^                            ^
    
    +           1  15  16                            L+R
    ?   ^^^^^      ^   ^^                            ^^^
    
    +   1   5  15  16  20                            L+R
    +                           2   7                L+R
    +                       2   7  10                L+R
    +                                       1  13    L+R
    +                                   1  11  13    L+R
    +                       1   2   7  10  11  13    L+R
    - 
    -   -   -  15  16  20   -   -   -   *  11  13    k=5 L+R
    -   1   1   2   5   7  10                        A
    - 
    -   -   -  15  16  20   -   -   -   -   *  13    k=6 L+R
    -   1   1   2   5   7  10  11                    A
    - 
    -   -   -  15  16  20   -   -   -   -   -   *    k=7 L+R
    -   1   1   2   5   7  10  11  13                A
    - 
    -   -   -   *  16  20   -   -   -   -   -   -    k=8 L+R
    -   1   1   2   5   7  10  11  13  15            A
    - 
    -   -   -   -   *  20   -   -   -   -   -   -    k=9 L+R
    -   1   1   2   5   7  10  11  13  15  16        A
    - 
    -   -   -   -   -   *   -   -   -   -   -   -    k=10 L+R
    -   1   1   2   5   7  10  11  13  15  16  20    A
    ?                                                ^
    
    +   1   1   2   5   7  10  11  13  15  16  20    L+R
    ?                                                ^^^
    
    - 
        1   1   2   5   7  10  11  13  15  16  20
      
    -  Run stats      |   Count
    ?               --
    
    +  Run stats    |   Count
    - ----------------+---------
    ? --
    
    + --------------+---------
    -  11*log_2(11)   | 38.0537
    ?               --
    
    +  11*log_2(11) | 38.0537
    + 
    -  cmpcnt         | 39
    -  r_inf_move_cnt |  7

   FAIL : MERGE_SORT_Demo2.3.out -- /home/cs301/RELEASE-cs301-repo/book-solution/sols-repo/cs301py/chap02-Intro/E-2.0.1-MERGE_SORT_Demo2/MERGE_SORT_Demo2.3.out 
diff stdout(up to 10000 lines):                                           ......
==============================
        4  19  11  12  13   9  21   8  14   5  21   9
    -   *   9  11  12  13  19   5   8   9  14  21  21    k=0 L+R
    -   4                                                A
    - 
    -   -   9  11  12  13  19   *   8   9  14  21  21    k=1 L+R
    -   4   5                                            A
    ? ---   ^                                        ^^^^^
    
    +      11  19                                        L+R
    ?    ^^^^^^^^                                        ^^^
    
    - 
    -   -   9  11  12  13  19   -   *   9  14  21  21    k=2 L+R
    -   4   5   8                                        A
    ?      ^^  ^^                                        ^
    
    +   4  11  19                                        L+R
    ?      ^^  ^^                                        ^^^
    
    - 
    -   -   *  11  12  13  19   -   -   9  14  21  21    k=3 L+R
    -   4   5   8   9                                    A
    - 
    -   -   -  11  12  13  19   -   -   *  14  21  21    k=4 L+R
    -   4   5   8   9   9                                A
    ? ---   -   ^      ^^                            ^^^^^
    
    +                   9  13                            L+R
    ?       ^^^^^^^^^      ^^                            ^^^
    
    - 
    -   -   -   *  12  13  19   -   -   -  14  21  21    k=5 L+R
    -   4   5   8   9   9  11                            A
    ? ---   -   -   ^                                    ^
    
    +               9  12  13                            L+R
    ?          ^^       +++ +                            ^^^
    
    +   4   9  11  12  13  19                            L+R
    +                               8  14                L+R
    +                           8  14  21                L+R
    +                                           9  21    L+R
    +                                       5   9  21    L+R
    - 
    -   -   -   -   *  13  19   -   -   -  14  21  21    k=6 L+R
    -   4   5   8   9   9  11  12                        A
    - 
    -   -   -   -   -   *  19   -   -   -  14  21  21    k=7 L+R
    -   4   5   8   9   9  11  12  13                    A
    - 
    -   -   -   -   -   -  19   -   -   -   *  21  21    k=8 L+R
    -   4   5   8   9   9  11  12  13  14                A
    - 
    -   -   -   -   -   -   *   -   -   -   -  21  21    k=9 L+R
    ? ---   -   -   -   -   -   -   -   ^   ^            ----
    
    +                           5   8   9  14  21  21    L+R
    ?                         ^^^   ^^^^^^^^^
    
    -   4   5   8   9   9  11  12  13  14  19            A
    - 
    -   -   -   -   -   -   -   -   -   -   -   *  21    k=10 L+R
    -   4   5   8   9   9  11  12  13  14  19  21        A
    - 
    -   -   -   -   -   -   -   -   -   -   -   -   *    k=11 L+R
    -   4   5   8   9   9  11  12  13  14  19  21  21    A
    ?                                                    ^
    
    +   4   5   8   9   9  11  12  13  14  19  21  21    L+R
    ?                                                    ^^^
    
    - 
        4   5   8   9   9  11  12  13  14  19  21  21
      
    -  Run stats      |   Count
    ?               --
    
    +  Run stats    |   Count
    - ----------------+---------
    ? --
    
    + --------------+---------
    -  12*log_2(12)   | 43.0196
    ?               --
    
    +  12*log_2(12) | 43.0196
    + 
    -  cmpcnt         | 44
    -  r_inf_move_cnt |  5

   FAIL : MERGE_SORT_Demo2.4.out -- /home/cs301/RELEASE-cs301-repo/book-solution/sols-repo/cs301py/chap02-Intro/E-2.0.1-MERGE_SORT_Demo2/MERGE_SORT_Demo2.4.out 
diff stdout(up to 10000 lines):                                           ......
==============================
       23   8  29  15  28  39  24   2  37   0  15   8  12  19  34  23  15  20  35  28
    -   *   2   8  15  23  24  28  29  37  39   8  12  15  15  19  20  23  28  34  35    k=0 L+R
    -   0                                                                                A
    - 
    -   -   *   8  15  23  24  28  29  37  39   8  12  15  15  19  20  23  28  34  35    k=1 L+R
    -   0   2                                                                            A
    ?   ^^                                                                               ^
    
    +   8  23                                                                            L+R
    ?   ^   +                                                                            ^^^
    
    - 
    -   -   -   *  15  23  24  28  29  37  39   8  12  15  15  19  20  23  28  34  35    k=2 L+R
    -   0   2   8                                                                        A
    - 
    -   -   -   -  15  23  24  28  29  37  39   *  12  15  15  19  20  23  28  34  35    k=3 L+R
    -   0   2   8   8                                                                    A
    - 
    -   -   -   -  15  23  24  28  29  37  39   -   *  15  15  19  20  23  28  34  35    k=4 L+R
    -   0   2   8   8  12                                                                A
    ? ---   -   -   ^                                                                    ^
    
    +              15  28                                                                L+R
    ?          ^^   +++ +                                                                ^^^
    
    - 
    -   -   -   -   *  23  24  28  29  37  39   -   -  15  15  19  20  23  28  34  35    k=5 L+R
    -   0   2   8   8  12  15                                                            A
    ? ---   -   - -------                                                                ^
    
    +          15  28  29                                                                L+R
    ?            ++++++++                                                            ^^^^^^^
    
    - 
    -   -   -   -   -  23  24  28  29  37  39   -   -   *  15  19  20  23  28  34  35    k=6 L+R
    -   0   2   8   8  12  15  15                                                        A
    ? ------------      ----   ^^                                                        ^
    
    +   8  15  23  28  29                                                                L+R
    ?          ^^^^^^^^^^                                                        ^^^^^^^^^^^
    
    +                      24  39                                                        L+R
    +                                   0  37                                            L+R
    +                               0   2  37                                            L+R
    +                       0   2  24  37  39                                            L+R
    - 
    -   -   -   -   -  23  24  28  29  37  39   -   -   -   *  19  20  23  28  34  35    k=7 L+R
    -   0   2   8   8  12  15  15  15                                                    A
    - 
    -   -   -   -   -  23  24  28  29  37  39   -   -   -   -   *  20  23  28  34  35    k=8 L+R
    -   0   2   8   8  12  15  15  15  19                                                A
    - 
    -   -   -   -   -  23  24  28  29  37  39   -   -   -   -   -   *  23  28  34  35    k=9 L+R
    -   0   2   8   8  12  15  15  15  19  20                                            A
    ?              --------    ^^  ^^  ^   ^^                                            ^
    
    +   0   2   8  15  23  24  28  29  37  39                                            L+R
    ?                  ^^  ^^  ^^^^^   ^^^^^^                                            ^^^
    
    +                                           8  15                                    L+R
    +                                                      19  34                        L+R
    +                                                  12  19  34                        L+R
    +                                           8  12  15  19  34                        L+R
    +                                                              15  23                L+R
    +                                                                          28  35    L+R
    +                                                                      20  28  35    L+R
    +                                                              15  20  23  28  35    L+R
    +                                           8  12  15  15  19  20  23  28  34  35    L+R
    - 
    -   -   -   -   -   *  24  28  29  37  39   -   -   -   -   -   -  23  28  34  35    k=10 L+R
    -   0   2   8   8  12  15  15  15  19  20  23                                        A
    - 
    -   -   -   -   -   -  24  28  29  37  39   -   -   -   -   -   -   *  28  34  35    k=11 L+R
    -   0   2   8   8  12  15  15  15  19  20  23  23                                    A
    - 
    -   -   -   -   -   -   *  28  29  37  39   -   -   -   -   -   -   -  28  34  35    k=12 L+R
    -   0   2   8   8  12  15  15  15  19  20  23  23  24                                A
    - 
    -   -   -   -   -   -   -   *  29  37  39   -   -   -   -   -   -   -  28  34  35    k=13 L+R
    -   0   2   8   8  12  15  15  15  19  20  23  23  24  28                            A
    - 
    -   -   -   -   -   -   -   -  29  37  39   -   -   -   -   -   -   -   *  34  35    k=14 L+R
    -   0   2   8   8  12  15  15  15  19  20  23  23  24  28  28                        A
    - 
    -   -   -   -   -   -   -   -   *  37  39   -   -   -   -   -   -   -   -  34  35    k=15 L+R
    -   0   2   8   8  12  15  15  15  19  20  23  23  24  28  28  29                    A
    - 
    -   -   -   -   -   -   -   -   -  37  39   -   -   -   -   -   -   -   -   *  35    k=16 L+R
    -   0   2   8   8  12  15  15  15  19  20  23  23  24  28  28  29  34                A
    - 
    -   -   -   -   -   -   -   -   -  37  39   -   -   -   -   -   -   -   -   -   *    k=17 L+R
    -   0   2   8   8  12  15  15  15  19  20  23  23  24  28  28  29  34  35            A
    - 
    -   -   -   -   -   -   -   -   -   *  39   -   -   -   -   -   -   -   -   -   -    k=18 L+R
    -   0   2   8   8  12  15  15  15  19  20  23  23  24  28  28  29  34  35  37        A
    - 
    -   -   -   -   -   -   -   -   -   -   *   -   -   -   -   -   -   -   -   -   -    k=19 L+R
    -   0   2   8   8  12  15  15  15  19  20  23  23  24  28  28  29  34  35  37  39    A
    ?                                                                                    ^
    
    +   0   2   8   8  12  15  15  15  19  20  23  23  24  28  28  29  34  35  37  39    L+R
    ?                                                                                    ^^^
    
    - 
        0   2   8   8  12  15  15  15  19  20  23  23  24  28  28  29  34  35  37  39
      
    -  Run stats      |   Count
    ?               --
    
    +  Run stats    |   Count
    - ----------------+---------
    ? --
    
    + --------------+---------
    -  20*log_2(20)   | 86.4386
    ?               --
    
    +  20*log_2(20) | 86.4386
    + 
    -  cmpcnt         | 88
    -  r_inf_move_cnt | 10

