  1  13  15   0   6  14  15   8
  *   1  13  15   6   8  14  15    k=0 L+R
  0                                A

  -   *  13  15   6   8  14  15    k=1 L+R
  0   1                            A

  -   -  13  15   *   8  14  15    k=2 L+R
  0   1   6                        A

  -   -  13  15   -   *  14  15    k=3 L+R
  0   1   6   8                    A

  -   -   *  15   -   -  14  15    k=4 L+R
  0   1   6   8  13                A

  -   -   -  15   -   -   *  15    k=5 L+R
  0   1   6   8  13  14            A

  -   -   -   *   -   -   -  15    k=6 L+R
  0   1   6   8  13  14  15        A

  -   -   -   -   -   -   -   *    k=7 L+R
  0   1   6   8  13  14  15  15    A

  0   1   6   8  13  14  15  15

 Run stats      |   Count
----------------+---------
 8*log_2(8)     |      24
 cmpcnt         |      24
 r_inf_move_cnt |       2

