------------------------------------------------------------
SEARCH(miss) 1
------------------------------------------------------------
  0  NIL
  1  NIL
  2  NIL
  3  NIL
  4  NIL
  5  NIL
  6  NIL
------------------------------------------------------------
INSERT(new) 1:penny
------------------------------------------------------------
  0  NIL
  1  1:penny
  2  NIL
  3  NIL
  4  NIL
  5  NIL
  6  NIL
------------------------------------------------------------
INSERT(new) 8:8_cents
------------------------------------------------------------
  0  NIL
  1  8:8_cents -> 1:penny
  2  NIL
  3  NIL
  4  NIL
  5  NIL
  6  NIL
------------------------------------------------------------
INSERT(update) 1:penny
------------------------------------------------------------
  0  NIL
  1  1:penny -> 8:8_cents
  2  NIL
  3  NIL
  4  NIL
  5  NIL
  6  NIL
------------------------------------------------------------
INSERT(new) 5:nickel
------------------------------------------------------------
  0  NIL
  1  1:penny -> 8:8_cents
  2  NIL
  3  NIL
  4  NIL
  5  5:nickel
  6  NIL
------------------------------------------------------------
INSERT(new) 10:dime
------------------------------------------------------------
  0  NIL
  1  1:penny -> 8:8_cents
  2  NIL
  3  10:dime
  4  NIL
  5  5:nickel
  6  NIL
------------------------------------------------------------
INSERT(update) 10:jiao
------------------------------------------------------------
  0  NIL
  1  1:penny -> 8:8_cents
  2  NIL
  3  10:jiao
  4  NIL
  5  5:nickel
  6  NIL
------------------------------------------------------------
INSERT(new) 25:quarter
------------------------------------------------------------
  0  NIL
  1  1:penny -> 8:8_cents
  2  NIL
  3  10:jiao
  4  25:quarter
  5  5:nickel
  6  NIL
------------------------------------------------------------
INSERT(new) 100:dollar
------------------------------------------------------------
  0  NIL
  1  1:penny -> 8:8_cents
  2  100:dollar
  3  10:jiao
  4  25:quarter
  5  5:nickel
  6  NIL
------------------------------------------------------------
INSERT(update) 100:pound
------------------------------------------------------------
  0  NIL
  1  1:penny -> 8:8_cents
  2  100:pound
  3  10:jiao
  4  25:quarter
  5  5:nickel
  6  NIL
------------------------------------------------------------
INSERT(new) 50:fifty
------------------------------------------------------------
  0  NIL
  1  50:fifty -> 1:penny -> 8:8_cents
  2  100:pound
  3  10:jiao
  4  25:quarter
  5  5:nickel
  6  NIL
------------------------------------------------------------
INSERT(new) 40:forty
------------------------------------------------------------
  0  NIL
  1  50:fifty -> 1:penny -> 8:8_cents
  2  100:pound
  3  10:jiao
  4  25:quarter
  5  40:forty -> 5:nickel
  6  NIL
------------------------------------------------------------
SEARCH(miss) 24
------------------------------------------------------------
  0  NIL
  1  50:fifty -> 1:penny -> 8:8_cents
  2  100:pound
  3  10:jiao
  4  25:quarter
  5  40:forty -> 5:nickel
  6  NIL
------------------------------------------------------------
SEARCH(hit) 10
------------------------------------------------------------
  0  NIL
  1  50:fifty -> 1:penny -> 8:8_cents
  2  100:pound
  3  10:jiao
  4  25:quarter
  5  40:forty -> 5:nickel
  6  NIL
------------------------------------------------------------
DELETE 10:jiao
------------------------------------------------------------
  0  NIL
  1  50:fifty -> 1:penny -> 8:8_cents
  2  100:pound
  3  NIL
  4  25:quarter
  5  40:forty -> 5:nickel
  6  NIL
------------------------------------------------------------
SEARCH(hit) 1
------------------------------------------------------------
  0  NIL
  1  1:penny -> 50:fifty -> 8:8_cents
  2  100:pound
  3  NIL
  4  25:quarter
  5  40:forty -> 5:nickel
  6  NIL
------------------------------------------------------------
DELETE 1:penny
------------------------------------------------------------
  0  NIL
  1  50:fifty -> 8:8_cents
  2  100:pound
  3  NIL
  4  25:quarter
  5  40:forty -> 5:nickel
  6  NIL
------------------------------------------------------------
INSERT(new) 1:dollar
------------------------------------------------------------
  0  NIL
  1  1:dollar -> 50:fifty -> 8:8_cents
  2  100:pound
  3  NIL
  4  25:quarter
  5  40:forty -> 5:nickel
  6  NIL
------------------------------------------------------------
INSERT(new) 2:pound
------------------------------------------------------------
  0  NIL
  1  1:dollar -> 50:fifty -> 8:8_cents
  2  2:pound -> 100:pound
  3  NIL
  4  25:quarter
  5  40:forty -> 5:nickel
  6  NIL
------------------------------------------------------------
INSERT(new) 24:twentyfour
------------------------------------------------------------
  0  NIL
  1  1:dollar -> 50:fifty -> 8:8_cents
  2  2:pound -> 100:pound
  3  24:twentyfour
  4  25:quarter
  5  40:forty -> 5:nickel
  6  NIL
------------------------------------------------------------
INSERT(new) 33:twentyfour+N
------------------------------------------------------------
  0  NIL
  1  1:dollar -> 50:fifty -> 8:8_cents
  2  2:pound -> 100:pound
  3  24:twentyfour
  4  25:quarter
  5  33:twentyfour+N -> 40:forty -> 5:nickel
  6  NIL
------------------------------------------------------------
INSERT(update) 40:forty_
------------------------------------------------------------
  0  NIL
  1  1:dollar -> 50:fifty -> 8:8_cents
  2  2:pound -> 100:pound
  3  24:twentyfour
  4  25:quarter
  5  40:forty_ -> 33:twentyfour+N -> 5:nickel
  6  NIL
------------------------------------------------------------
DELETE 25:quarter
------------------------------------------------------------
  0  NIL
  1  1:dollar -> 50:fifty -> 8:8_cents
  2  2:pound -> 100:pound
  3  24:twentyfour
  4  NIL
  5  40:forty_ -> 33:twentyfour+N -> 5:nickel
  6  NIL
------------------------------------------------------------
DELETE 100:pound
------------------------------------------------------------
  0  NIL
  1  1:dollar -> 50:fifty -> 8:8_cents
  2  2:pound
  3  24:twentyfour
  4  NIL
  5  40:forty_ -> 33:twentyfour+N -> 5:nickel
  6  NIL
------------------------------------------------------------
SEARCH(hit) 24
------------------------------------------------------------
  0  NIL
  1  1:dollar -> 50:fifty -> 8:8_cents
  2  2:pound
  3  24:twentyfour
  4  NIL
  5  40:forty_ -> 33:twentyfour+N -> 5:nickel
  6  NIL
------------------------------------------------------------
DELETE 24:twentyfour
------------------------------------------------------------
  0  NIL
  1  1:dollar -> 50:fifty -> 8:8_cents
  2  2:pound
  3  NIL
  4  NIL
  5  40:forty_ -> 33:twentyfour+N -> 5:nickel
  6  NIL
------------------------------------------------------------
SEARCH(hit) 40
------------------------------------------------------------
  0  NIL
  1  1:dollar -> 50:fifty -> 8:8_cents
  2  2:pound
  3  NIL
  4  NIL
  5  40:forty_ -> 33:twentyfour+N -> 5:nickel
  6  NIL
------------------------------------------------------------
DELETE 40:forty_
------------------------------------------------------------
  0  NIL
  1  1:dollar -> 50:fifty -> 8:8_cents
  2  2:pound
  3  NIL
  4  NIL
  5  33:twentyfour+N -> 5:nickel
  6  NIL
------------------------------------------------------------
SEARCH(hit) 8
------------------------------------------------------------
  0  NIL
  1  8:8_cents -> 1:dollar -> 50:fifty
  2  2:pound
  3  NIL
  4  NIL
  5  33:twentyfour+N -> 5:nickel
  6  NIL
------------------------------------------------------------
DELETE 8:8_cents
------------------------------------------------------------
  0  NIL
  1  1:dollar -> 50:fifty
  2  2:pound
  3  NIL
  4  NIL
  5  33:twentyfour+N -> 5:nickel
  6  NIL

 Run stats           |     Count
---------------------+-----------
 DELETE cnt          |  7
 INSERT cnt          | 16
 INSERT hit          |  4
 Load factor(alpha)  |  0.714286
 Population          |  5
 SEARCH cnt          |  7
 SEARCH hit          |  5
 SEARCH miss         |  2
 SEARCH visits(cost) |  9

