Input A: [1, 13, 15, 0, 6, 14, 16, 8]
------------------------------------------------------------
BUILD_MAX_HEAP: [1, 13, 15, 0, 6, 14, 16, 8]
------------------------------------------------------------
------------------------------------------------------------
MAX_HEAPIFY 3 (recur_depth:1)
------------------------------------------------------------
POST MAX_HEAPIFY(3): [1, 13, 15, 8, 6, 14, 16, 0]

            1                                                        1
           / \                                                      / \
          /   \                                                    /   \
         /     \           ------------------------->             /     \
        /       \          MAX_HEAPIFY(3)[LOCAL_FIX]             /       \
       /         \         heapsize=8                           /         \
      13          15       ------------------------->          13          15
     / \         / \                                          / \         / \
    /   \       /   \                                        /   \       /   \
   /     \     14    16                                     /     \     14    16
 '(0)'    6                                               '(8)'    6
 /                                                        /
 8                                                        0
------------------------------------------------------------
MAX_HEAPIFY 7 (recur_depth:2)
------------------------------------------------------------
POST MAX_HEAPIFY(7): [1, 13, 15, 8, 6, 14, 16, 0]

             1                                                    1
            / \                                                  / \
           /   \                                                /   \
          /     \           -------------------->              /     \
         /       \          MAX_HEAPIFY(7)[same]              /       \
        /         \         heapsize=8                       /         \
       13          15       -------------------->           13          15
      / \         / \                                      / \         / \
     /   \       /   \                                    /   \       /   \
     8    6     14    16                                  8    6     14    16
   /                                                    /
 '(0)'                                                '(0)'
------------------------------------------------------------
MAX_HEAPIFY 2 (recur_depth:1)
------------------------------------------------------------
POST MAX_HEAPIFY(2): [1, 13, 16, 8, 6, 14, 15, 0]

           1                                                       1
          / \                                                     / \
         /   \                                                   /   \
        /     \           ------------------------->            /     \
       /       \          MAX_HEAPIFY(2)[LOCAL_FIX]            /       \
      /         \         heapsize=8                          /         \
     13        '(15)'     ------------------------->         13        '(16)'
    / \         / \                                         / \         / \
   /   \       /   \                                       /   \       /   \
   8    6     14    16                                     8    6     14    15
 /                                                       /
 0                                                       0
------------------------------------------------------------
MAX_HEAPIFY 6 (recur_depth:2)
------------------------------------------------------------
POST MAX_HEAPIFY(6): [1, 13, 16, 8, 6, 14, 15, 0]

          1                                                   1
         / \                                                 / \
        /   \              -------------------->            /   \
       /     \             MAX_HEAPIFY(6)[same]            /     \
      /       \            heapsize=8                     /       \
     13        16          -------------------->         13        16
    / \       / \                                       / \       / \
   /   \     /   \                                     /   \     /   \
   8    6   /     \                                    8    6   /     \
 /         14    '(15)'                              /         14    '(15)'
 0                                                   0
------------------------------------------------------------
MAX_HEAPIFY 1 (recur_depth:1)
------------------------------------------------------------
POST MAX_HEAPIFY(1): [1, 13, 16, 8, 6, 14, 15, 0]

           1                                                  1
          / \                                                / \
         /   \                                              /   \
        /     \           -------------------->            /     \
       /       \          MAX_HEAPIFY(1)[same]            /       \
      /         \         heapsize=8                     /         \
   '(13)'        16       -------------------->       '(13)'        16
    / \         / \                                    / \         / \
   /   \       /   \                                  /   \       /   \
   8    6     14    15                                8    6     14    15
 /                                                  /
 0                                                  0
------------------------------------------------------------
MAX_HEAPIFY 0 (recur_depth:1)
------------------------------------------------------------
POST MAX_HEAPIFY(0): [16, 13, 1, 8, 6, 14, 15, 0]

         '(1)'                                                  '(16)'
          / \                                                     / \
         /   \                                                   /   \
        /     \           ------------------------->            /     \
       /       \          MAX_HEAPIFY(0)[LOCAL_FIX]            /       \
      /         \         heapsize=8                          /         \
     13          16       ------------------------->         13          1
    / \         / \                                         / \         / \
   /   \       /   \                                       /   \       /   \
   8    6     14    15                                     8    6     14    15
 /                                                       /
 0                                                       0
------------------------------------------------------------
MAX_HEAPIFY 2 (recur_depth:2)
------------------------------------------------------------
POST MAX_HEAPIFY(2): [16, 13, 15, 8, 6, 14, 1, 0]

          16                                                      16
          / \                                                     / \
         /   \                                                   /   \
        /     \           ------------------------->            /     \
       /       \          MAX_HEAPIFY(2)[LOCAL_FIX]            /       \
      /         \         heapsize=8                          /         \
     13        '(1)'      ------------------------->         13        '(15)'
    / \         / \                                         / \         / \
   /   \       /   \                                       /   \       /   \
   8    6     14    15                                     8    6     14    1
 /                                                       /
 0                                                       0
------------------------------------------------------------
MAX_HEAPIFY 6 (recur_depth:3)
------------------------------------------------------------
POST MAX_HEAPIFY(6): [16, 13, 15, 8, 6, 14, 1, 0]

         16                                                 16
         / \                                                / \
        /   \             -------------------->            /   \
       /     \            MAX_HEAPIFY(6)[same]            /     \
      /       \           heapsize=8                     /       \
     13        15         -------------------->         13        15
    / \       / \                                      / \       / \
   /   \     /   \                                    /   \     /   \
   8    6   /     \                                   8    6   /     \
 /         14    '(1)'                              /         14    '(1)'
 0                                                  0
------------------------------------------------------------
HEAP_SORT
------------------------------------------------------------
------------------------------------------------------------
MAX_HEAPIFY 0 (recur_depth:1)
------------------------------------------------------------
POST MAX_HEAPIFY(0): [15, 13, 0, 8, 6, 14, 1, 16]

          '(0)'                                                  '(15)'
           / \                                                     / \
          /   \                                                   /   \
         /     \          ------------------------->             /     \
        /       \         MAX_HEAPIFY(0)[LOCAL_FIX]             /       \
       /         \        heapsize=7                           /         \
      13          15      ------------------------->          13          0
     / \         / \                                         / \         / \
    /   \       /   \                                       /   \       /   \
    8    6     14    1                                      8    6     14    1
  /                                                       /
 16                                                      16
------------------------------------------------------------
MAX_HEAPIFY 2 (recur_depth:2)
------------------------------------------------------------
POST MAX_HEAPIFY(2): [15, 13, 14, 8, 6, 0, 1, 16]

           15                                                     15
           / \                                                    / \
          /   \                                                  /   \
         /     \          ------------------------->            /     \
        /       \         MAX_HEAPIFY(2)[LOCAL_FIX]            /       \
       /         \        heapsize=7                          13      '(14)'
      13        '(0)'     ------------------------->         / \       / \
     / \         / \                                        /   \     /   \
    /   \       /   \                                       8    6    0    1
    8    6     14    1                                    /
  /                                                      16
 16                                                     
------------------------------------------------------------
MAX_HEAPIFY 5 (recur_depth:3)
------------------------------------------------------------
POST MAX_HEAPIFY(5): [15, 13, 14, 8, 6, 0, 1, 16]

          15                                                15
          / \                                               / \
         /   \           -------------------->             /   \
        /     \          MAX_HEAPIFY(5)[same]             /     \
       /       \         heapsize=7                      /       \
      13        14       -------------------->          13        14
     / \       / \                                     / \       / \
    /   \     /   \                                   /   \     /   \
    8    6   /     \                                  8    6   /     \
  /        '(0)'    1                               /        '(0)'    1
 16                                                16
------------------------------------------------------------
MAX_HEAPIFY 0 (recur_depth:1)
------------------------------------------------------------
POST MAX_HEAPIFY(0): [14, 13, 1, 8, 6, 0, 15, 16]

         '(1)'                                                 '(14)'
          / \                                                    / \
         /   \           ------------------------->             /   \
        /     \          MAX_HEAPIFY(0)[LOCAL_FIX]             /     \
       /       \         heapsize=6                           /       \
      13        14       ------------------------->          13        1
     / \       / \                                          / \       / \
    /   \     /   \                                        /   \     /   \
    8    6    0    15                                      8    6    0    15
  /                                                      /
 16                                                     16
------------------------------------------------------------
MAX_HEAPIFY 2 (recur_depth:2)
------------------------------------------------------------
POST MAX_HEAPIFY(2): [14, 13, 1, 8, 6, 0, 15, 16]

          14                                                14
          / \                                               / \
         /   \           -------------------->             /   \
        /     \          MAX_HEAPIFY(2)[same]             /     \
       /       \         heapsize=6                      /       \
      13      '(1)'      -------------------->          13      '(1)'
     / \       / \                                     / \       / \
    /   \     /   \                                   /   \     /   \
    8    6    0    15                                 8    6    0    15
  /                                                 /
 16                                                16
------------------------------------------------------------
MAX_HEAPIFY 0 (recur_depth:1)
------------------------------------------------------------
POST MAX_HEAPIFY(0): [13, 0, 1, 8, 6, 14, 15, 16]

          '(0)'                                                   '(13)'
           / \                                                      / \
          /   \                                                    /   \
         /     \           ------------------------->             /     \
        /       \          MAX_HEAPIFY(0)[LOCAL_FIX]             /       \
       /         \         heapsize=5                           /         \
      13          1        ------------------------->           0          1
     / \         / \                                          / \         / \
    /   \       /   \                                        /   \       /   \
    8    6     14    15                                      8    6     14    15
  /                                                        /
 16                                                       16
------------------------------------------------------------
MAX_HEAPIFY 1 (recur_depth:2)
------------------------------------------------------------
POST MAX_HEAPIFY(1): [13, 8, 1, 0, 6, 14, 15, 16]

           13                                                       13
           / \                                                      / \
          /   \                                                    /   \
         /     \           ------------------------->             /     \
        /       \          MAX_HEAPIFY(1)[LOCAL_FIX]             /       \
       /         \         heapsize=5                           /         \
     '(0)'        1        ------------------------->         '(8)'        1
     / \         / \                                          / \         / \
    /   \       /   \                                        /   \       /   \
    8    6     14    15                                      0    6     14    15
  /                                                        /
 16                                                       16
------------------------------------------------------------
MAX_HEAPIFY 3 (recur_depth:3)
------------------------------------------------------------
POST MAX_HEAPIFY(3): [13, 8, 1, 0, 6, 14, 15, 16]

            13                                                   13
            / \                                                  / \
           /   \                                                /   \
          /     \           -------------------->              /     \
         /       \          MAX_HEAPIFY(3)[same]              /       \
        /         \         heapsize=5                       /         \
        8          1        -------------------->            8          1
      / \         / \                                      / \         / \
     /   \       /   \                                    /   \       /   \
    /     \     14    15                                 /     \     14    15
  '(0)'    6                                           '(0)'    6
  /                                                    /
 16                                                   16
------------------------------------------------------------
MAX_HEAPIFY 0 (recur_depth:1)
------------------------------------------------------------
POST MAX_HEAPIFY(0): [8, 6, 1, 0, 13, 14, 15, 16]

          '(6)'                                                    '(8)'
           / \                                                      / \
          /   \                                                    /   \
         /     \           ------------------------->             /     \
        /       \          MAX_HEAPIFY(0)[LOCAL_FIX]             /       \
       /         \         heapsize=4                           /         \
       8          1        ------------------------->           6          1
     / \         / \                                          / \         / \
    /   \       /   \                                        /   \       /   \
    0    13    14    15                                      0    13    14    15
  /                                                        /
 16                                                       16
------------------------------------------------------------
MAX_HEAPIFY 1 (recur_depth:2)
------------------------------------------------------------
POST MAX_HEAPIFY(1): [8, 6, 1, 0, 13, 14, 15, 16]

            8                                                   8
           / \                                                 / \
          /   \                                               /   \
         /     \           -------------------->             /     \
        /       \          MAX_HEAPIFY(1)[same]             /       \
       /         \         heapsize=4                      /         \
     '(6)'        1        -------------------->         '(6)'        1
     / \         / \                                     / \         / \
    /   \       /   \                                   /   \       /   \
    0    13    14    15                                 0    13    14    15
  /                                                   /
 16                                                  16
------------------------------------------------------------
MAX_HEAPIFY 0 (recur_depth:1)
------------------------------------------------------------
POST MAX_HEAPIFY(0): [6, 0, 1, 8, 13, 14, 15, 16]

          '(0)'                                                    '(6)'
           / \                                                      / \
          /   \                                                    /   \
         /     \           ------------------------->             /     \
        /       \          MAX_HEAPIFY(0)[LOCAL_FIX]             /       \
       /         \         heapsize=3                           /         \
       6          1        ------------------------->           0          1
     / \         / \                                          / \         / \
    /   \       /   \                                        /   \       /   \
    8    13    14    15                                      8    13    14    15
  /                                                        /
 16                                                       16
----------------