input  : 18   1  13  15  18   0   6  14  15   8
depth:   1   [18, 1, 13, 15, 18, 0, 6, 14, 15, 8]   r= 10   INSERTION_SORT_r
depth:   2     [18, 1, 13, 15, 18, 0, 6, 14, 15, 8]   r= 9   INSERTION_SORT_r
depth:   3       [18, 1, 13, 15, 18, 0, 6, 14, 15, 8]   r= 8   INSERTION_SORT_r
depth:   4         [18, 1, 13, 15, 18, 0, 6, 14, 15, 8]   r= 7   INSERTION_SORT_r
depth:   5           [18, 1, 13, 15, 18, 0, 6, 14, 15, 8]   r= 6   INSERTION_SORT_r
depth:   6             [18, 1, 13, 15, 18, 0, 6, 14, 15, 8]   r= 5   INSERTION_SORT_r
depth:   7               [18, 1, 13, 15, 18, 0, 6, 14, 15, 8]   r= 4   INSERTION_SORT_r
depth:   8                 [18, 1, 13, 15, 18, 0, 6, 14, 15, 8]   r= 3   INSERTION_SORT_r
depth:   9                   [18, 1, 13, 15, 18, 0, 6, 14, 15, 8]   r= 2   INSERTION_SORT_r
depth:  10                     [18, 1, 13, 15, 18, 0, 6, 14, 15, 8]   r= 1   INSERTION_SORT_r
depth:  10                     [18, 1, 13, 15, 18, 0, 6, 14, 15, 8]   i= 1   IIP
depth:  11                       [1, 18, 13, 15, 18, 0, 6, 14, 15, 8]   i= 0   IIP
depth:   9                   [1, 18, 13, 15, 18, 0, 6, 14, 15, 8]   i= 2   IIP
depth:  10                     [1, 13, 18, 15, 18, 0, 6, 14, 15, 8]   i= 1   IIP
depth:   8                 [1, 13, 18, 15, 18, 0, 6, 14, 15, 8]   i= 3   IIP
depth:   9                   [1, 13, 15, 18, 18, 0, 6, 14, 15, 8]   i= 2   IIP
depth:   7               [1, 13, 15, 18, 18, 0, 6, 14, 15, 8]   i= 4   IIP
depth:   6             [1, 13, 15, 18, 18, 0, 6, 14, 15, 8]   i= 5   IIP
depth:   7               [1, 13, 15, 18, 0, 18, 6, 14, 15, 8]   i= 4   IIP
depth:   8                 [1, 13, 15, 0, 18, 18, 6, 14, 15, 8]   i= 3   IIP
depth:   9                   [1, 13, 0, 15, 18, 18, 6, 14, 15, 8]   i= 2   IIP
depth:  10                     [1, 0, 13, 15, 18, 18, 6, 14, 15, 8]   i= 1   IIP
depth:  11                       [0, 1, 13, 15, 18, 18, 6, 14, 15, 8]   i= 0   IIP
depth:   5           [0, 1, 13, 15, 18, 18, 6, 14, 15, 8]   i= 6   IIP
depth:   6             [0, 1, 13, 15, 18, 6, 18, 14, 15, 8]   i= 5   IIP
depth:   7               [0, 1, 13, 15, 6, 18, 18, 14, 15, 8]   i= 4   IIP
depth:   8                 [0, 1, 13, 6, 15, 18, 18, 14, 15, 8]   i= 3   IIP
depth:   9                   [0, 1, 6, 13, 15, 18, 18, 14, 15, 8]   i= 2   IIP
depth:   4         [0, 1, 6, 13, 15, 18, 18, 14, 15, 8]   i= 7   IIP
depth:   5           [0, 1, 6, 13, 15, 18, 14, 18, 15, 8]   i= 6   IIP
depth:   6             [0, 1, 6, 13, 15, 14, 18, 18, 15, 8]   i= 5   IIP
depth:   7               [0, 1, 6, 13, 14, 15, 18, 18, 15, 8]   i= 4   IIP
depth:   3       [0, 1, 6, 13, 14, 15, 18, 18, 15, 8]   i= 8   IIP
depth:   4         [0, 1, 6, 13, 14, 15, 18, 15, 18, 8]   i= 7   IIP
depth:   5           [0, 1, 6, 13, 14, 15, 15, 18, 18, 8]   i= 6   IIP
depth:   2     [0, 1, 6, 13, 14, 15, 15, 18, 18, 8]   i= 9   IIP
depth:   3       [0, 1, 6, 13, 14, 15, 15, 18, 8, 18]   i= 8   IIP
depth:   4         [0, 1, 6, 13, 14, 15, 15, 8, 18, 18]   i= 7   IIP
depth:   5           [0, 1, 6, 13, 14, 15, 8, 15, 18, 18]   i= 6   IIP
depth:   6             [0, 1, 6, 13, 14, 8, 15, 15, 18, 18]   i= 5   IIP
depth:   7               [0, 1, 6, 13, 8, 14, 15, 15, 18, 18]   i= 4   IIP
depth:   8                 [0, 1, 6, 8, 13, 14, 15, 15, 18, 18]   i= 3   IIP
sorted :  0   1   6   8  13  14  15  15  18  18

 Run stats   |   Count
-------------+---------
 cmpcnt      |      30
 swapcnt     |      23

