input: [10, 18, 1, 13, 15, 18, 0, 6, 14, 15, 8]
Partition:  [10, 18, 1, 13, 15, 18, 0, 6, 14, 15, 8]  to { [1, 0, 6] 8 [10, 18, 13, 15, 18, 14, 15] }
Partition:  [1, 0, 6]  to { [1, 0] 6 [] }
Partition:  [1, 0]  to { [] 0 [1] }
Partition:  [10, 18, 13, 15, 18, 14, 15]  to { [10, 13, 15, 14] 15 [18, 18] }
Partition:  [10, 13, 15, 14]  to { [10, 13] 14 [15] }
Partition:  [10, 13]  to { [10] 13 [] }
Partition:  [18, 18]  to { [18] 18 [] }
result: [0, 1, 6, 8, 10, 13, 14, 15, 15, 18, 18]
----------------------------
Tree
----------------------------
     8 
     / \
    /   \
   /     \
  6      15
 /       / \
0       /   \
 \     /     \
 1    14     18
     / \     /
    /   \   18
   13   15
  /
 10
