A (input):  17  27  33   2  10  20  31   0  29  36  13   4  30  15  26
 SELECT( [17, 27, 33, 2, 10, 20, 31, 0, 29, 36, 13, 4, 30, 15, 26], 0)
   SELECT( [17, 29, 15], 1)
   SELECT( [2, 10, 0, 13, 4, 15], 0)
     SELECT( [4, 15], 1)
     SELECT( [2, 10, 0, 13, 4], 0)

 Run stats          |   Count
--------------------+---------
 0_{th} order-stats |       0
 i                  |       0
 len(A)             |      15

A (input):   2  10   0  13   4  15  17  33  29  36  26  27  30  20  31
 SELECT( [2, 10, 0, 13, 4, 15, 17, 33, 29, 36, 26, 27, 30, 20, 31], 1)
   SELECT( [4, 29, 27], 1)
   SELECT( [2, 10, 0, 13, 4, 15, 17, 26, 20], 1)
     SELECT( [4, 20], 1)
     SELECT( [2, 10, 0, 13, 4, 15, 17], 1)
       SELECT( [4, 17], 1)
       SELECT( [2, 10, 0, 13, 4, 15], 1)
         SELECT( [4, 15], 1)
         SELECT( [2, 10, 0, 13, 4], 1)

 Run stats          |   Count
--------------------+---------
 1_{th} order-stats |       2
 i                  |       1
 len(A)             |      15

A (input):   2  10   0  13   4  15  17  20  26  27  33  31  30  29  36
 SELECT( [2, 10, 0, 13, 4, 15, 17, 20, 26, 27, 33, 31, 30, 29, 36], 2)
   SELECT( [4, 20, 31], 1)
   SELECT( [2, 10, 0, 13, 4, 15, 17], 2)
     SELECT( [4, 17], 1)
     SELECT( [2, 10, 0, 13, 4, 15], 2)
       SELECT( [4, 15], 1)
       SELECT( [2, 10, 0, 13, 4], 2)

 Run stats          |   Count
--------------------+---------
 2_{th} order-stats |       4
 i                  |       2
 len(A)             |      15

A (input):   2  10   0  13   4  15  17  20  26  27  33  31  30  29  36
 SELECT( [2, 10, 0, 13, 4, 15, 17, 20, 26, 27, 33, 31, 30, 29, 36], 3)
   SELECT( [4, 20, 31], 1)
   SELECT( [2, 10, 0, 13, 4, 15, 17], 3)
     SELECT( [4, 17], 1)
     SELECT( [2, 10, 0, 13, 4, 15], 3)
       SELECT( [4, 15], 1)
       SELECT( [2, 10, 0, 13, 4], 3)

 Run stats          |   Count
--------------------+---------
 3_{th} order-stats |      10
 i                  |       3
 len(A)             |      15

A (input):   2  10   0  13   4  15  17  20  26  27  33  31  30  29  36
 SELECT( [2, 10, 0, 13, 4, 15, 17, 20, 26, 27, 33, 31, 30, 29, 36], 4)
   SELECT( [4, 20, 31], 1)
   SELECT( [2, 10, 0, 13, 4, 15, 17], 4)
     SELECT( [4, 17], 1)
     SELECT( [2, 10, 0, 13, 4, 15], 4)
       SELECT( [4, 15], 1)
       SELECT( [2, 10, 0, 13, 4], 4)

 Run stats          |   Count
--------------------+---------
 4_{th} order-stats |      13
 i                  |       4
 len(A)             |      15

A (input):   2  10   0  13   4  15  17  20  26  27  33  31  30  29  36
 SELECT( [2, 10, 0, 13, 4, 15, 17, 20, 26, 27, 33, 31, 30, 29, 36], 5)
   SELECT( [4, 20, 31], 1)
   SELECT( [2, 10, 0, 13, 4, 15, 17], 5)
     SELECT( [4, 17], 1)
     SELECT( [2, 10, 0, 13, 4, 15], 5)
       SELECT( [4, 15], 1)

 Run stats          |   Count
--------------------+---------
 5_{th} order-stats |      15
 i                  |       5
 len(A)             |      15

A (input):   2  10   0  13   4  15  17  20  26  27  33  31  30  29  36
 SELECT( [2, 10, 0, 13, 4, 15, 17, 20, 26, 27, 33, 31, 30, 29, 36], 6)
   SELECT( [4, 20, 31], 1)
   SELECT( [2, 10, 0, 13, 4, 15, 17], 6)
     SELECT( [4, 17], 1)

 Run stats          |   Count
--------------------+---------
 6_{th} order-stats |      17
 i                  |       6
 len(A)             |      15

A (input):   2  10   0  13   4  15  17  20  26  27  33  31  30  29  36
 SELECT( [2, 10, 0, 13, 4, 15, 17, 20, 26, 27, 33, 31, 30, 29, 36], 7)
   SELECT( [4, 20, 31], 1)

 Run stats          |   Count
--------------------+---------
 7_{th} order-stats |      20
 i                  |       7
 len(A)             |      15

A (input):   2  10   0  13   4  15  17  20  26  27  33  31  30  29  36
 SELECT( [2, 10, 0, 13, 4, 15, 17, 20, 26, 27, 33, 31, 30, 29, 36], 8)
   SELECT( [4, 20, 31], 1)
   SELECT( [26, 27, 33, 31, 30, 29, 36], 0)
     SELECT( [30, 36], 1)
     SELECT( [26, 27, 33, 31, 30, 29], 0)
       SELECT( [30, 29], 1)
       SELECT( [26, 27, 29], 0)

 Run stats          |   Count
--------------------+---------
 8_{th} order-stats |      26
 i                  |       8
 len(A)             |      15

A (input):   2  10   0  13   4  15  17  20  26  27  29  30  33  31  36
 SELECT( [2, 10, 0, 13, 4, 15, 17, 20, 26, 27, 29, 30, 33, 31, 36], 9)
   SELECT( [4, 20, 31], 1)
   SELECT( [26, 27, 29, 30, 33, 31, 36], 1)
     SELECT( [29, 36], 1)
     SELECT( [26, 27, 29, 30, 33, 31], 1)
       SELECT( [29, 31], 1)
       SELECT( [26, 27, 29, 30], 1)

 Run stats          |   Count
--------------------+---------
 9_{th} order-stats |      27
 i                  |       9
 len(A)             |      15

A (input):   2  10   0  13   4  15  17  20  26  27  29  30  31  33  36
 SELECT( [2, 10, 0, 13, 4, 15, 17, 20, 26, 27, 29, 30, 31, 33, 36], 10)
   SELECT( [4, 20, 31], 1)
   SELECT( [26, 27, 29, 30, 31, 33, 36], 2)
     SELECT( [29, 36], 1)
     SELECT( [26, 27, 29, 30, 31, 33], 2)
       SELECT( [29, 33], 1)
       SELECT( [26, 27, 29, 30, 31], 2)

 Run stats           |   Count
---------------------+---------
 10_{th} order-stats |      29
 i                   |      10
 len(A)              |      15

A (input):   2  10   0  13   4  15  17  20  26  27  29  30  31  33  36
 SELECT( [2, 10, 0, 13, 4, 15, 17, 20, 26, 27, 29, 30, 31, 33, 36], 11)
   SELECT( [4, 20, 31], 1)
   SELECT( [26, 27, 29, 30, 31, 33, 36], 3)
     SELECT( [29, 36], 1)
     SELECT( [26, 27, 29, 30, 31, 33], 3)
       SELECT( [29, 33], 1)
       SELECT( [26, 27, 29, 30, 31], 3)

 Run stats           |   Count
---------------------+---------
 11_{th} order-stats |      30
 i                   |      11
 len(A)              |      15

A (input):   2  10   0  13   4  15  17  20  26  27  29  30  31  33  36
 SELECT( [2, 10, 0, 13, 4, 15, 17, 20, 26, 27, 29, 30, 31, 33, 36], 12)
   SELECT( [4, 20, 31], 1)
   SELECT( [26, 27, 29, 30, 31, 33, 36], 4)
     SELECT( [29, 36], 1)
     SELECT( [26, 27, 29, 30, 31, 33], 4)
       SELECT( [29, 33], 1)
       SELECT( [26, 27, 29, 30, 31], 4)

 Run stats           |   Count
---------------------+---------
 12_{th} order-stats |      31
 i                   |      12
 len(A)              |      15

A (input):   2  10   0  13   4  15  17  20  26  27  29  30  31  33  36
 SELECT( [2, 10, 0, 13, 4, 15, 17, 20, 26, 27, 29, 30, 31, 33, 36], 13)
   SELECT( [4, 20, 31], 1)
   SELECT( [26, 27, 29, 30, 31, 33, 36], 5)
     SELECT( [29, 36], 1)
     SELECT( [26, 27, 29, 30, 31, 33], 5)
       SELECT( [29, 33], 1)

 Run stats           |   Count
---------------------+---------
 13_{th} order-stats |      33
 i                   |      13
 len(A)              |      15

A (input):   2  10   0  13   4  15  17  20  26  27  29  30  31  33  36
 SELECT( [2, 10, 0, 13, 4, 15, 17, 20, 26, 27, 29, 30, 31, 33, 36], 14)
   SELECT( [4, 20, 31], 1)
   SELECT( [26, 27, 29, 30, 31, 33, 36], 6)
     SELECT( [29, 36], 1)

 Run stats           |   Count
---------------------+---------
 14_{th} order-stats |      36
 i                   |      14
 len(A)              |      15

