------------------------------------------------------------
Input:
------------------------------------------------------------
[25, 18, 6, 5, 14, 13, 20, 1, 0, 15, 8]

------------------------------------------------------------
Test TREE_INSERT: [25, 18, 6, 5, 14, 13, 20, 1, 0, 15, 8]
------------------------------------------------------------

Post ALL INSERT Inorder:  [0, 1, 5, 6, 8, 13, 14, 15, 18, 20, 25]

Post ALL INSERT Preorder:  [25, 18, 6, 5, 1, 0, 14, 13, 8, 15, 20]

                      25
                      / \
                     /   \
                    18   nil
                   / \
                  /   \
                 /     \
                /       \
               /         \
              6          20
             / \         / \
            /   \       /   \
           /     \    nil   nil
          /       \
         /         \
        5          14
       / \         / \
      1  nil      /   \
     / \         /     \
    0  nil      /       \
   / \         13       15
  /   \       / \       / \
nil   nil    8  nil    /   \
            / \      nil   nil
           /   \
         nil   nil

INFO: 9_th key in T: 20
INFO: 3_th key in T: 6
INFO: 8_th key in T: 18
INFO: 2_th key in T: 5
INFO: 2_th key in T: 5
INFO: 1_th key in T: 1
INFO: 0_th key in T: 0
INFO: 2_th key in T: 5
INFO: 2_th key in T: 5
INFO: 0_th key in T: 0
INFO: 0_th key in T: 0
